2025-07-29 15:23:51,485 - __main__ - INFO - Inicializando banco de dados...
2025-07-29 15:23:51,502 - src.database - INFO - Banco de dados inicializado com sucesso
2025-07-29 15:23:51,503 - __main__ - INFO - Configurando bot do Telegram...
2025-07-29 15:23:51,522 - src.telegram_bot - INFO - Bot do Telegram configurado com sucesso
2025-07-29 15:23:51,523 - src.telegram_bot - INFO - Iniciando bot do Telegram...
2025-07-29 15:23:51,523 - __main__ - INFO - Iniciando gerenciador de alertas...
2025-07-29 15:23:51,523 - src.telegram_bot - ERROR - Erro ao executar bot: There is no current event loop in thread 'Thread-1 (run_telegram_bot)'.
2025-07-29 15:23:51,523 - src.alert_manager - INFO - Iniciando monitoramento de alertas...
2025-07-29 15:23:51,524 - src.alert_manager - INFO - Monitoramento de alertas iniciado
2025-07-29 15:23:51,535 - src.database - INFO - Banco de dados inicializado com sucesso
2025-07-29 15:23:51,562 - werkzeug - INFO - [31m[1mWARNING: This is a development server. Do not use it in a production deployment. Use a production WSGI server instead.[0m
 * Running on all addresses (0.0.0.0)
 * Running on http://127.0.0.1:5000
 * Running on http://192.168.1.69:5000
2025-07-29 15:23:51,563 - werkzeug - INFO - [33mPress CTRL+C to quit[0m
2025-07-29 15:24:03,729 - web.app - ERROR - Erro no dashboard: dashboard.html
2025-07-29 15:24:03,729 - web.app - ERROR - Exception on / [GET]
Traceback (most recent call last):
  File "C:\Estudo\Bot de Monitoramento\web\app.py", line 47, in dashboard
    return render_template('dashboard.html',
  File "C:\Estudo\Bot de Monitoramento\venv\lib\site-packages\flask\templating.py", line 151, in render_template
    template = app.jinja_env.get_or_select_template(template_name_or_list)
  File "C:\Estudo\Bot de Monitoramento\venv\lib\site-packages\jinja2\environment.py", line 1087, in get_or_select_template
    return self.get_template(template_name_or_list, parent, globals)
  File "C:\Estudo\Bot de Monitoramento\venv\lib\site-packages\jinja2\environment.py", line 1016, in get_template
    return self._load_template(name, globals)
  File "C:\Estudo\Bot de Monitoramento\venv\lib\site-packages\jinja2\environment.py", line 975, in _load_template
    template = self.loader.load(self, name, self.make_globals(globals))
  File "C:\Estudo\Bot de Monitoramento\venv\lib\site-packages\jinja2\loaders.py", line 126, in load
    source, filename, uptodate = self.get_source(environment, name)
  File "C:\Estudo\Bot de Monitoramento\venv\lib\site-packages\flask\templating.py", line 65, in get_source
    return self._get_source_fast(environment, template)
  File "C:\Estudo\Bot de Monitoramento\venv\lib\site-packages\flask\templating.py", line 99, in _get_source_fast
    raise TemplateNotFound(template)
jinja2.exceptions.TemplateNotFound: dashboard.html

During handling of the above exception, another exception occurred:

Traceback (most recent call last):
  File "C:\Estudo\Bot de Monitoramento\venv\lib\site-packages\flask\app.py", line 1455, in wsgi_app
    response = self.full_dispatch_request()
  File "C:\Estudo\Bot de Monitoramento\venv\lib\site-packages\flask\app.py", line 869, in full_dispatch_request
    rv = self.handle_user_exception(e)
  File "C:\Estudo\Bot de Monitoramento\venv\lib\site-packages\flask_cors\extension.py", line 176, in wrapped_function
    return cors_after_request(app.make_response(f(*args, **kwargs)))
  File "C:\Estudo\Bot de Monitoramento\venv\lib\site-packages\flask\app.py", line 867, in full_dispatch_request
    rv = self.dispatch_request()
  File "C:\Estudo\Bot de Monitoramento\venv\lib\site-packages\flask\app.py", line 852, in dispatch_request
    return self.ensure_sync(self.view_functions[rule.endpoint])(**view_args)
  File "C:\Estudo\Bot de Monitoramento\web\app.py", line 53, in dashboard
    return render_template('dashboard.html', stats={}, recent_products=[])
  File "C:\Estudo\Bot de Monitoramento\venv\lib\site-packages\flask\templating.py", line 151, in render_template
    template = app.jinja_env.get_or_select_template(template_name_or_list)
  File "C:\Estudo\Bot de Monitoramento\venv\lib\site-packages\jinja2\environment.py", line 1087, in get_or_select_template
    return self.get_template(template_name_or_list, parent, globals)
  File "C:\Estudo\Bot de Monitoramento\venv\lib\site-packages\jinja2\environment.py", line 1016, in get_template
    return self._load_template(name, globals)
  File "C:\Estudo\Bot de Monitoramento\venv\lib\site-packages\jinja2\environment.py", line 975, in _load_template
    template = self.loader.load(self, name, self.make_globals(globals))
  File "C:\Estudo\Bot de Monitoramento\venv\lib\site-packages\jinja2\loaders.py", line 126, in load
    source, filename, uptodate = self.get_source(environment, name)
  File "C:\Estudo\Bot de Monitoramento\venv\lib\site-packages\flask\templating.py", line 65, in get_source
    return self._get_source_fast(environment, template)
  File "C:\Estudo\Bot de Monitoramento\venv\lib\site-packages\flask\templating.py", line 99, in _get_source_fast
    raise TemplateNotFound(template)
jinja2.exceptions.TemplateNotFound: dashboard.html
2025-07-29 15:24:03,743 - werkzeug - INFO - 127.0.0.1 - - [29/Jul/2025 15:24:03] "[35m[1mGET / HTTP/1.1[0m" 500 -
2025-07-29 15:24:03,839 - werkzeug - INFO - 127.0.0.1 - - [29/Jul/2025 15:24:03] "[33mGET /favicon.ico HTTP/1.1[0m" 404 -
2025-07-29 15:24:11,913 - web.app - ERROR - Erro no dashboard: dashboard.html
2025-07-29 15:24:11,913 - web.app - ERROR - Exception on / [GET]
Traceback (most recent call last):
  File "C:\Estudo\Bot de Monitoramento\web\app.py", line 47, in dashboard
    return render_template('dashboard.html',
  File "C:\Estudo\Bot de Monitoramento\venv\lib\site-packages\flask\templating.py", line 151, in render_template
    template = app.jinja_env.get_or_select_template(template_name_or_list)
  File "C:\Estudo\Bot de Monitoramento\venv\lib\site-packages\jinja2\environment.py", line 1087, in get_or_select_template
    return self.get_template(template_name_or_list, parent, globals)
  File "C:\Estudo\Bot de Monitoramento\venv\lib\site-packages\jinja2\environment.py", line 1016, in get_template
    return self._load_template(name, globals)
  File "C:\Estudo\Bot de Monitoramento\venv\lib\site-packages\jinja2\environment.py", line 975, in _load_template
    template = self.loader.load(self, name, self.make_globals(globals))
  File "C:\Estudo\Bot de Monitoramento\venv\lib\site-packages\jinja2\loaders.py", line 126, in load
    source, filename, uptodate = self.get_source(environment, name)
  File "C:\Estudo\Bot de Monitoramento\venv\lib\site-packages\flask\templating.py", line 65, in get_source
    return self._get_source_fast(environment, template)
  File "C:\Estudo\Bot de Monitoramento\venv\lib\site-packages\flask\templating.py", line 99, in _get_source_fast
    raise TemplateNotFound(template)
jinja2.exceptions.TemplateNotFound: dashboard.html

During handling of the above exception, another exception occurred:

Traceback (most recent call last):
  File "C:\Estudo\Bot de Monitoramento\venv\lib\site-packages\flask\app.py", line 1455, in wsgi_app
    response = self.full_dispatch_request()
  File "C:\Estudo\Bot de Monitoramento\venv\lib\site-packages\flask\app.py", line 869, in full_dispatch_request
    rv = self.handle_user_exception(e)
  File "C:\Estudo\Bot de Monitoramento\venv\lib\site-packages\flask_cors\extension.py", line 176, in wrapped_function
    return cors_after_request(app.make_response(f(*args, **kwargs)))
  File "C:\Estudo\Bot de Monitoramento\venv\lib\site-packages\flask\app.py", line 867, in full_dispatch_request
    rv = self.dispatch_request()
  File "C:\Estudo\Bot de Monitoramento\venv\lib\site-packages\flask\app.py", line 852, in dispatch_request
    return self.ensure_sync(self.view_functions[rule.endpoint])(**view_args)
  File "C:\Estudo\Bot de Monitoramento\web\app.py", line 53, in dashboard
    return render_template('dashboard.html', stats={}, recent_products=[])
  File "C:\Estudo\Bot de Monitoramento\venv\lib\site-packages\flask\templating.py", line 151, in render_template
    template = app.jinja_env.get_or_select_template(template_name_or_list)
  File "C:\Estudo\Bot de Monitoramento\venv\lib\site-packages\jinja2\environment.py", line 1087, in get_or_select_template
    return self.get_template(template_name_or_list, parent, globals)
  File "C:\Estudo\Bot de Monitoramento\venv\lib\site-packages\jinja2\environment.py", line 1016, in get_template
    return self._load_template(name, globals)
  File "C:\Estudo\Bot de Monitoramento\venv\lib\site-packages\jinja2\environment.py", line 975, in _load_template
    template = self.loader.load(self, name, self.make_globals(globals))
  File "C:\Estudo\Bot de Monitoramento\venv\lib\site-packages\jinja2\loaders.py", line 126, in load
    source, filename, uptodate = self.get_source(environment, name)
  File "C:\Estudo\Bot de Monitoramento\venv\lib\site-packages\flask\templating.py", line 65, in get_source
    return self._get_source_fast(environment, template)
  File "C:\Estudo\Bot de Monitoramento\venv\lib\site-packages\flask\templating.py", line 99, in _get_source_fast
    raise TemplateNotFound(template)
jinja2.exceptions.TemplateNotFound: dashboard.html
2025-07-29 15:24:11,917 - werkzeug - INFO - 192.168.1.69 - - [29/Jul/2025 15:24:11] "[35m[1mGET / HTTP/1.1[0m" 500 -
2025-07-29 15:24:12,021 - werkzeug - INFO - 192.168.1.69 - - [29/Jul/2025 15:24:12] "[33mGET /favicon.ico HTTP/1.1[0m" 404 -
2025-07-29 15:24:25,137 - web.app - ERROR - Erro no dashboard: dashboard.html
2025-07-29 15:24:25,137 - web.app - ERROR - Exception on / [GET]
Traceback (most recent call last):
  File "C:\Estudo\Bot de Monitoramento\web\app.py", line 47, in dashboard
    return render_template('dashboard.html',
  File "C:\Estudo\Bot de Monitoramento\venv\lib\site-packages\flask\templating.py", line 151, in render_template
    template = app.jinja_env.get_or_select_template(template_name_or_list)
  File "C:\Estudo\Bot de Monitoramento\venv\lib\site-packages\jinja2\environment.py", line 1087, in get_or_select_template
    return self.get_template(template_name_or_list, parent, globals)
  File "C:\Estudo\Bot de Monitoramento\venv\lib\site-packages\jinja2\environment.py", line 1016, in get_template
    return self._load_template(name, globals)
  File "C:\Estudo\Bot de Monitoramento\venv\lib\site-packages\jinja2\environment.py", line 975, in _load_template
    template = self.loader.load(self, name, self.make_globals(globals))
  File "C:\Estudo\Bot de Monitoramento\venv\lib\site-packages\jinja2\loaders.py", line 126, in load
    source, filename, uptodate = self.get_source(environment, name)
  File "C:\Estudo\Bot de Monitoramento\venv\lib\site-packages\flask\templating.py", line 65, in get_source
    return self._get_source_fast(environment, template)
  File "C:\Estudo\Bot de Monitoramento\venv\lib\site-packages\flask\templating.py", line 99, in _get_source_fast
    raise TemplateNotFound(template)
jinja2.exceptions.TemplateNotFound: dashboard.html

During handling of the above exception, another exception occurred:

Traceback (most recent call last):
  File "C:\Estudo\Bot de Monitoramento\venv\lib\site-packages\flask\app.py", line 1455, in wsgi_app
    response = self.full_dispatch_request()
  File "C:\Estudo\Bot de Monitoramento\venv\lib\site-packages\flask\app.py", line 869, in full_dispatch_request
    rv = self.handle_user_exception(e)
  File "C:\Estudo\Bot de Monitoramento\venv\lib\site-packages\flask_cors\extension.py", line 176, in wrapped_function
    return cors_after_request(app.make_response(f(*args, **kwargs)))
  File "C:\Estudo\Bot de Monitoramento\venv\lib\site-packages\flask\app.py", line 867, in full_dispatch_request
    rv = self.dispatch_request()
  File "C:\Estudo\Bot de Monitoramento\venv\lib\site-packages\flask\app.py", line 852, in dispatch_request
    return self.ensure_sync(self.view_functions[rule.endpoint])(**view_args)
  File "C:\Estudo\Bot de Monitoramento\web\app.py", line 53, in dashboard
    return render_template('dashboard.html', stats={}, recent_products=[])
  File "C:\Estudo\Bot de Monitoramento\venv\lib\site-packages\flask\templating.py", line 151, in render_template
    template = app.jinja_env.get_or_select_template(template_name_or_list)
  File "C:\Estudo\Bot de Monitoramento\venv\lib\site-packages\jinja2\environment.py", line 1087, in get_or_select_template
    return self.get_template(template_name_or_list, parent, globals)
  File "C:\Estudo\Bot de Monitoramento\venv\lib\site-packages\jinja2\environment.py", line 1016, in get_template
    return self._load_template(name, globals)
  File "C:\Estudo\Bot de Monitoramento\venv\lib\site-packages\jinja2\environment.py", line 975, in _load_template
    template = self.loader.load(self, name, self.make_globals(globals))
  File "C:\Estudo\Bot de Monitoramento\venv\lib\site-packages\jinja2\loaders.py", line 126, in load
    source, filename, uptodate = self.get_source(environment, name)
  File "C:\Estudo\Bot de Monitoramento\venv\lib\site-packages\flask\templating.py", line 65, in get_source
    return self._get_source_fast(environment, template)
  File "C:\Estudo\Bot de Monitoramento\venv\lib\site-packages\flask\templating.py", line 99, in _get_source_fast
    raise TemplateNotFound(template)
jinja2.exceptions.TemplateNotFound: dashboard.html
2025-07-29 15:24:25,140 - werkzeug - INFO - 127.0.0.1 - - [29/Jul/2025 15:24:25] "[35m[1mGET / HTTP/1.1[0m" 500 -
2025-07-29 15:24:37,367 - __main__ - INFO - Sinal de interrupção recebido, finalizando aplicação...
2025-07-29 15:24:37,367 - src.alert_manager - INFO - Parando monitoramento de alertas...
2025-07-29 15:24:37,367 - src.alert_manager - INFO - Monitoramento de alertas parado
