2025-07-29 15:23:51,485 - __main__ - INFO - Inicializando banco de dados...
2025-07-29 15:23:51,502 - src.database - INFO - Banco de dados inicializado com sucesso
2025-07-29 15:23:51,503 - __main__ - INFO - Configurando bot do Telegram...
2025-07-29 15:23:51,522 - src.telegram_bot - INFO - Bot do Telegram configurado com sucesso
2025-07-29 15:23:51,523 - src.telegram_bot - INFO - Iniciando bot do Telegram...
2025-07-29 15:23:51,523 - __main__ - INFO - Iniciando gerenciador de alertas...
2025-07-29 15:23:51,523 - src.telegram_bot - ERROR - Erro ao executar bot: There is no current event loop in thread 'Thread-1 (run_telegram_bot)'.
2025-07-29 15:23:51,523 - src.alert_manager - INFO - Iniciando monitoramento de alertas...
2025-07-29 15:23:51,524 - src.alert_manager - INFO - Monitoramento de alertas iniciado
2025-07-29 15:23:51,535 - src.database - INFO - Banco de dados inicializado com sucesso
2025-07-29 15:23:51,562 - werkzeug - INFO - [31m[1mWARNING: This is a development server. Do not use it in a production deployment. Use a production WSGI server instead.[0m
 * Running on all addresses (0.0.0.0)
 * Running on http://127.0.0.1:5000
 * Running on http://192.168.1.69:5000
2025-07-29 15:23:51,563 - werkzeug - INFO - [33mPress CTRL+C to quit[0m
2025-07-29 15:24:03,729 - web.app - ERROR - Erro no dashboard: dashboard.html
2025-07-29 15:24:03,729 - web.app - ERROR - Exception on / [GET]
Traceback (most recent call last):
  File "C:\Estudo\Bot de Monitoramento\web\app.py", line 47, in dashboard
    return render_template('dashboard.html',
  File "C:\Estudo\Bot de Monitoramento\venv\lib\site-packages\flask\templating.py", line 151, in render_template
    template = app.jinja_env.get_or_select_template(template_name_or_list)
  File "C:\Estudo\Bot de Monitoramento\venv\lib\site-packages\jinja2\environment.py", line 1087, in get_or_select_template
    return self.get_template(template_name_or_list, parent, globals)
  File "C:\Estudo\Bot de Monitoramento\venv\lib\site-packages\jinja2\environment.py", line 1016, in get_template
    return self._load_template(name, globals)
  File "C:\Estudo\Bot de Monitoramento\venv\lib\site-packages\jinja2\environment.py", line 975, in _load_template
    template = self.loader.load(self, name, self.make_globals(globals))
  File "C:\Estudo\Bot de Monitoramento\venv\lib\site-packages\jinja2\loaders.py", line 126, in load
    source, filename, uptodate = self.get_source(environment, name)
  File "C:\Estudo\Bot de Monitoramento\venv\lib\site-packages\flask\templating.py", line 65, in get_source
    return self._get_source_fast(environment, template)
  File "C:\Estudo\Bot de Monitoramento\venv\lib\site-packages\flask\templating.py", line 99, in _get_source_fast
    raise TemplateNotFound(template)
jinja2.exceptions.TemplateNotFound: dashboard.html

During handling of the above exception, another exception occurred:

Traceback (most recent call last):
  File "C:\Estudo\Bot de Monitoramento\venv\lib\site-packages\flask\app.py", line 1455, in wsgi_app
    response = self.full_dispatch_request()
  File "C:\Estudo\Bot de Monitoramento\venv\lib\site-packages\flask\app.py", line 869, in full_dispatch_request
    rv = self.handle_user_exception(e)
  File "C:\Estudo\Bot de Monitoramento\venv\lib\site-packages\flask_cors\extension.py", line 176, in wrapped_function
    return cors_after_request(app.make_response(f(*args, **kwargs)))
  File "C:\Estudo\Bot de Monitoramento\venv\lib\site-packages\flask\app.py", line 867, in full_dispatch_request
    rv = self.dispatch_request()
  File "C:\Estudo\Bot de Monitoramento\venv\lib\site-packages\flask\app.py", line 852, in dispatch_request
    return self.ensure_sync(self.view_functions[rule.endpoint])(**view_args)
  File "C:\Estudo\Bot de Monitoramento\web\app.py", line 53, in dashboard
    return render_template('dashboard.html', stats={}, recent_products=[])
  File "C:\Estudo\Bot de Monitoramento\venv\lib\site-packages\flask\templating.py", line 151, in render_template
    template = app.jinja_env.get_or_select_template(template_name_or_list)
  File "C:\Estudo\Bot de Monitoramento\venv\lib\site-packages\jinja2\environment.py", line 1087, in get_or_select_template
    return self.get_template(template_name_or_list, parent, globals)
  File "C:\Estudo\Bot de Monitoramento\venv\lib\site-packages\jinja2\environment.py", line 1016, in get_template
    return self._load_template(name, globals)
  File "C:\Estudo\Bot de Monitoramento\venv\lib\site-packages\jinja2\environment.py", line 975, in _load_template
    template = self.loader.load(self, name, self.make_globals(globals))
  File "C:\Estudo\Bot de Monitoramento\venv\lib\site-packages\jinja2\loaders.py", line 126, in load
    source, filename, uptodate = self.get_source(environment, name)
  File "C:\Estudo\Bot de Monitoramento\venv\lib\site-packages\flask\templating.py", line 65, in get_source
    return self._get_source_fast(environment, template)
  File "C:\Estudo\Bot de Monitoramento\venv\lib\site-packages\flask\templating.py", line 99, in _get_source_fast
    raise TemplateNotFound(template)
jinja2.exceptions.TemplateNotFound: dashboard.html
2025-07-29 15:24:03,743 - werkzeug - INFO - 127.0.0.1 - - [29/Jul/2025 15:24:03] "[35m[1mGET / HTTP/1.1[0m" 500 -
2025-07-29 15:24:03,839 - werkzeug - INFO - 127.0.0.1 - - [29/Jul/2025 15:24:03] "[33mGET /favicon.ico HTTP/1.1[0m" 404 -
2025-07-29 15:24:11,913 - web.app - ERROR - Erro no dashboard: dashboard.html
2025-07-29 15:24:11,913 - web.app - ERROR - Exception on / [GET]
Traceback (most recent call last):
  File "C:\Estudo\Bot de Monitoramento\web\app.py", line 47, in dashboard
    return render_template('dashboard.html',
  File "C:\Estudo\Bot de Monitoramento\venv\lib\site-packages\flask\templating.py", line 151, in render_template
    template = app.jinja_env.get_or_select_template(template_name_or_list)
  File "C:\Estudo\Bot de Monitoramento\venv\lib\site-packages\jinja2\environment.py", line 1087, in get_or_select_template
    return self.get_template(template_name_or_list, parent, globals)
  File "C:\Estudo\Bot de Monitoramento\venv\lib\site-packages\jinja2\environment.py", line 1016, in get_template
    return self._load_template(name, globals)
  File "C:\Estudo\Bot de Monitoramento\venv\lib\site-packages\jinja2\environment.py", line 975, in _load_template
    template = self.loader.load(self, name, self.make_globals(globals))
  File "C:\Estudo\Bot de Monitoramento\venv\lib\site-packages\jinja2\loaders.py", line 126, in load
    source, filename, uptodate = self.get_source(environment, name)
  File "C:\Estudo\Bot de Monitoramento\venv\lib\site-packages\flask\templating.py", line 65, in get_source
    return self._get_source_fast(environment, template)
  File "C:\Estudo\Bot de Monitoramento\venv\lib\site-packages\flask\templating.py", line 99, in _get_source_fast
    raise TemplateNotFound(template)
jinja2.exceptions.TemplateNotFound: dashboard.html

During handling of the above exception, another exception occurred:

Traceback (most recent call last):
  File "C:\Estudo\Bot de Monitoramento\venv\lib\site-packages\flask\app.py", line 1455, in wsgi_app
    response = self.full_dispatch_request()
  File "C:\Estudo\Bot de Monitoramento\venv\lib\site-packages\flask\app.py", line 869, in full_dispatch_request
    rv = self.handle_user_exception(e)
  File "C:\Estudo\Bot de Monitoramento\venv\lib\site-packages\flask_cors\extension.py", line 176, in wrapped_function
    return cors_after_request(app.make_response(f(*args, **kwargs)))
  File "C:\Estudo\Bot de Monitoramento\venv\lib\site-packages\flask\app.py", line 867, in full_dispatch_request
    rv = self.dispatch_request()
  File "C:\Estudo\Bot de Monitoramento\venv\lib\site-packages\flask\app.py", line 852, in dispatch_request
    return self.ensure_sync(self.view_functions[rule.endpoint])(**view_args)
  File "C:\Estudo\Bot de Monitoramento\web\app.py", line 53, in dashboard
    return render_template('dashboard.html', stats={}, recent_products=[])
  File "C:\Estudo\Bot de Monitoramento\venv\lib\site-packages\flask\templating.py", line 151, in render_template
    template = app.jinja_env.get_or_select_template(template_name_or_list)
  File "C:\Estudo\Bot de Monitoramento\venv\lib\site-packages\jinja2\environment.py", line 1087, in get_or_select_template
    return self.get_template(template_name_or_list, parent, globals)
  File "C:\Estudo\Bot de Monitoramento\venv\lib\site-packages\jinja2\environment.py", line 1016, in get_template
    return self._load_template(name, globals)
  File "C:\Estudo\Bot de Monitoramento\venv\lib\site-packages\jinja2\environment.py", line 975, in _load_template
    template = self.loader.load(self, name, self.make_globals(globals))
  File "C:\Estudo\Bot de Monitoramento\venv\lib\site-packages\jinja2\loaders.py", line 126, in load
    source, filename, uptodate = self.get_source(environment, name)
  File "C:\Estudo\Bot de Monitoramento\venv\lib\site-packages\flask\templating.py", line 65, in get_source
    return self._get_source_fast(environment, template)
  File "C:\Estudo\Bot de Monitoramento\venv\lib\site-packages\flask\templating.py", line 99, in _get_source_fast
    raise TemplateNotFound(template)
jinja2.exceptions.TemplateNotFound: dashboard.html
2025-07-29 15:24:11,917 - werkzeug - INFO - 192.168.1.69 - - [29/Jul/2025 15:24:11] "[35m[1mGET / HTTP/1.1[0m" 500 -
2025-07-29 15:24:12,021 - werkzeug - INFO - 192.168.1.69 - - [29/Jul/2025 15:24:12] "[33mGET /favicon.ico HTTP/1.1[0m" 404 -
2025-07-29 15:24:25,137 - web.app - ERROR - Erro no dashboard: dashboard.html
2025-07-29 15:24:25,137 - web.app - ERROR - Exception on / [GET]
Traceback (most recent call last):
  File "C:\Estudo\Bot de Monitoramento\web\app.py", line 47, in dashboard
    return render_template('dashboard.html',
  File "C:\Estudo\Bot de Monitoramento\venv\lib\site-packages\flask\templating.py", line 151, in render_template
    template = app.jinja_env.get_or_select_template(template_name_or_list)
  File "C:\Estudo\Bot de Monitoramento\venv\lib\site-packages\jinja2\environment.py", line 1087, in get_or_select_template
    return self.get_template(template_name_or_list, parent, globals)
  File "C:\Estudo\Bot de Monitoramento\venv\lib\site-packages\jinja2\environment.py", line 1016, in get_template
    return self._load_template(name, globals)
  File "C:\Estudo\Bot de Monitoramento\venv\lib\site-packages\jinja2\environment.py", line 975, in _load_template
    template = self.loader.load(self, name, self.make_globals(globals))
  File "C:\Estudo\Bot de Monitoramento\venv\lib\site-packages\jinja2\loaders.py", line 126, in load
    source, filename, uptodate = self.get_source(environment, name)
  File "C:\Estudo\Bot de Monitoramento\venv\lib\site-packages\flask\templating.py", line 65, in get_source
    return self._get_source_fast(environment, template)
  File "C:\Estudo\Bot de Monitoramento\venv\lib\site-packages\flask\templating.py", line 99, in _get_source_fast
    raise TemplateNotFound(template)
jinja2.exceptions.TemplateNotFound: dashboard.html

During handling of the above exception, another exception occurred:

Traceback (most recent call last):
  File "C:\Estudo\Bot de Monitoramento\venv\lib\site-packages\flask\app.py", line 1455, in wsgi_app
    response = self.full_dispatch_request()
  File "C:\Estudo\Bot de Monitoramento\venv\lib\site-packages\flask\app.py", line 869, in full_dispatch_request
    rv = self.handle_user_exception(e)
  File "C:\Estudo\Bot de Monitoramento\venv\lib\site-packages\flask_cors\extension.py", line 176, in wrapped_function
    return cors_after_request(app.make_response(f(*args, **kwargs)))
  File "C:\Estudo\Bot de Monitoramento\venv\lib\site-packages\flask\app.py", line 867, in full_dispatch_request
    rv = self.dispatch_request()
  File "C:\Estudo\Bot de Monitoramento\venv\lib\site-packages\flask\app.py", line 852, in dispatch_request
    return self.ensure_sync(self.view_functions[rule.endpoint])(**view_args)
  File "C:\Estudo\Bot de Monitoramento\web\app.py", line 53, in dashboard
    return render_template('dashboard.html', stats={}, recent_products=[])
  File "C:\Estudo\Bot de Monitoramento\venv\lib\site-packages\flask\templating.py", line 151, in render_template
    template = app.jinja_env.get_or_select_template(template_name_or_list)
  File "C:\Estudo\Bot de Monitoramento\venv\lib\site-packages\jinja2\environment.py", line 1087, in get_or_select_template
    return self.get_template(template_name_or_list, parent, globals)
  File "C:\Estudo\Bot de Monitoramento\venv\lib\site-packages\jinja2\environment.py", line 1016, in get_template
    return self._load_template(name, globals)
  File "C:\Estudo\Bot de Monitoramento\venv\lib\site-packages\jinja2\environment.py", line 975, in _load_template
    template = self.loader.load(self, name, self.make_globals(globals))
  File "C:\Estudo\Bot de Monitoramento\venv\lib\site-packages\jinja2\loaders.py", line 126, in load
    source, filename, uptodate = self.get_source(environment, name)
  File "C:\Estudo\Bot de Monitoramento\venv\lib\site-packages\flask\templating.py", line 65, in get_source
    return self._get_source_fast(environment, template)
  File "C:\Estudo\Bot de Monitoramento\venv\lib\site-packages\flask\templating.py", line 99, in _get_source_fast
    raise TemplateNotFound(template)
jinja2.exceptions.TemplateNotFound: dashboard.html
2025-07-29 15:24:25,140 - werkzeug - INFO - 127.0.0.1 - - [29/Jul/2025 15:24:25] "[35m[1mGET / HTTP/1.1[0m" 500 -
2025-07-29 15:24:37,367 - __main__ - INFO - Sinal de interrupção recebido, finalizando aplicação...
2025-07-29 15:24:37,367 - src.alert_manager - INFO - Parando monitoramento de alertas...
2025-07-29 15:24:37,367 - src.alert_manager - INFO - Monitoramento de alertas parado
2025-07-29 16:44:42,647 - __main__ - INFO - Inicializando banco de dados...
2025-07-29 16:44:42,665 - src.database - INFO - Banco de dados inicializado com sucesso
2025-07-29 16:44:42,665 - __main__ - INFO - Configurando bot do Telegram...
2025-07-29 16:44:42,685 - src.telegram_bot - INFO - Bot do Telegram configurado com sucesso
2025-07-29 16:44:42,685 - src.telegram_bot - INFO - Iniciando bot do Telegram...
2025-07-29 16:44:42,685 - __main__ - INFO - Iniciando gerenciador de alertas...
2025-07-29 16:44:42,685 - src.alert_manager - INFO - Iniciando monitoramento de alertas...
2025-07-29 16:44:42,685 - src.alert_manager - INFO - Monitoramento de alertas iniciado
2025-07-29 16:44:42,700 - src.database - INFO - Banco de dados inicializado com sucesso
2025-07-29 16:44:42,721 - werkzeug - INFO - [31m[1mWARNING: This is a development server. Do not use it in a production deployment. Use a production WSGI server instead.[0m
 * Running on all addresses (0.0.0.0)
 * Running on http://127.0.0.1:5000
 * Running on http://192.168.1.69:5000
2025-07-29 16:44:42,721 - werkzeug - INFO - [33mPress CTRL+C to quit[0m
2025-07-29 16:44:43,976 - httpx - INFO - HTTP Request: POST https://api.telegram.org/bot8419472014:AAFSqcCwB8K00LDrBIKKxxZNpeG6wZ_uctU/getMe "HTTP/1.1 200 OK"
2025-07-29 16:44:44,225 - httpx - INFO - HTTP Request: POST https://api.telegram.org/bot8419472014:AAFSqcCwB8K00LDrBIKKxxZNpeG6wZ_uctU/deleteWebhook "HTTP/1.1 200 OK"
2025-07-29 16:44:44,226 - telegram.ext.Application - INFO - Application started
2025-07-29 16:44:48,987 - werkzeug - INFO - 192.168.1.69 - - [29/Jul/2025 16:44:48] "GET / HTTP/1.1" 200 -
2025-07-29 16:44:51,161 - werkzeug - INFO - 192.168.1.69 - - [29/Jul/2025 16:44:51] "GET /api/stats HTTP/1.1" 200 -
2025-07-29 16:44:51,615 - werkzeug - INFO - 192.168.1.69 - - [29/Jul/2025 16:44:51] "GET /add_product HTTP/1.1" 200 -
2025-07-29 16:44:55,243 - httpx - INFO - HTTP Request: POST https://api.telegram.org/bot8419472014:AAFSqcCwB8K00LDrBIKKxxZNpeG6wZ_uctU/getUpdates "HTTP/1.1 200 OK"
2025-07-29 16:45:01,254 - src.scraper - INFO - Usando scraper dinâmico para: www.adidas.com.br
2025-07-29 16:45:02,744 - src.scraper - INFO - Fazendo scraping dinâmico de: https://www.adidas.com.br/tenis-vl-court-3.0/JK4960.html
2025-07-29 16:45:05,504 - httpx - INFO - HTTP Request: POST https://api.telegram.org/bot8419472014:AAFSqcCwB8K00LDrBIKKxxZNpeG6wZ_uctU/getUpdates "HTTP/1.1 200 OK"
2025-07-29 16:45:07,833 - src.scraper - WARNING - Dados incompletos para Adidas dinâmico: https://www.adidas.com.br/tenis-vl-court-3.0/JK4960.html
2025-07-29 16:45:07,859 - src.scraper - INFO - Falling back to static scraping for: https://www.adidas.com.br/tenis-vl-court-3.0/JK4960.html
2025-07-29 16:45:07,859 - src.scraper - INFO - Fazendo scraping estático de: https://www.adidas.com.br/tenis-vl-court-3.0/JK4960.html
2025-07-29 16:45:12,566 - src.scraper - ERROR - Erro no scraping estático de https://www.adidas.com.br/tenis-vl-court-3.0/JK4960.html: 403 Client Error: Forbidden for url: https://www.adidas.com.br/tenis-vl-court-3.0/JK4960.html
2025-07-29 16:45:13,065 - werkzeug - INFO - 192.168.1.69 - - [29/Jul/2025 16:45:13] "POST /test_scraper HTTP/1.1" 200 -
2025-07-29 16:45:15,748 - httpx - INFO - HTTP Request: POST https://api.telegram.org/bot8419472014:AAFSqcCwB8K00LDrBIKKxxZNpeG6wZ_uctU/getUpdates "HTTP/1.1 200 OK"
2025-07-29 16:45:24,316 - src.scraper - INFO - Usando scraper dinâmico para: www.nike.com.br
2025-07-29 16:45:25,166 - src.scraper - INFO - Fazendo scraping dinâmico de: https://www.nike.com.br/womens-dunk-low-017085.html?cor=51
2025-07-29 16:45:26,010 - httpx - INFO - HTTP Request: POST https://api.telegram.org/bot8419472014:AAFSqcCwB8K00LDrBIKKxxZNpeG6wZ_uctU/getUpdates "HTTP/1.1 200 OK"
2025-07-29 16:45:29,097 - src.scraper - WARNING - Dados incompletos para Nike dinâmico: https://www.nike.com.br/womens-dunk-low-017085.html?cor=51
2025-07-29 16:45:29,115 - src.scraper - INFO - Falling back to static scraping for: https://www.nike.com.br/womens-dunk-low-017085.html?cor=51
2025-07-29 16:45:29,115 - src.scraper - INFO - Fazendo scraping estático de: https://www.nike.com.br/womens-dunk-low-017085.html?cor=51
2025-07-29 16:45:33,191 - src.scraper - ERROR - Erro no scraping estático de https://www.nike.com.br/womens-dunk-low-017085.html?cor=51: 403 Client Error: Forbidden for url: https://www.nike.com.br/womens-dunk-low-017085.html?cor=51
2025-07-29 16:45:33,253 - werkzeug - INFO - 192.168.1.69 - - [29/Jul/2025 16:45:33] "POST /test_scraper HTTP/1.1" 200 -
2025-07-29 16:45:36,267 - httpx - INFO - HTTP Request: POST https://api.telegram.org/bot8419472014:AAFSqcCwB8K00LDrBIKKxxZNpeG6wZ_uctU/getUpdates "HTTP/1.1 200 OK"
2025-07-29 16:45:46,521 - httpx - INFO - HTTP Request: POST https://api.telegram.org/bot8419472014:AAFSqcCwB8K00LDrBIKKxxZNpeG6wZ_uctU/getUpdates "HTTP/1.1 200 OK"
2025-07-29 16:45:52,156 - werkzeug - INFO - 192.168.1.69 - - [29/Jul/2025 16:45:52] "GET /api/stats HTTP/1.1" 200 -
2025-07-29 16:45:56,775 - httpx - INFO - HTTP Request: POST https://api.telegram.org/bot8419472014:AAFSqcCwB8K00LDrBIKKxxZNpeG6wZ_uctU/getUpdates "HTTP/1.1 200 OK"
2025-07-29 16:46:07,030 - httpx - INFO - HTTP Request: POST https://api.telegram.org/bot8419472014:AAFSqcCwB8K00LDrBIKKxxZNpeG6wZ_uctU/getUpdates "HTTP/1.1 200 OK"
2025-07-29 16:46:17,284 - httpx - INFO - HTTP Request: POST https://api.telegram.org/bot8419472014:AAFSqcCwB8K00LDrBIKKxxZNpeG6wZ_uctU/getUpdates "HTTP/1.1 200 OK"
2025-07-29 16:46:20,153 - werkzeug - INFO - 192.168.1.69 - - [29/Jul/2025 16:46:20] "GET /api/stats HTTP/1.1" 200 -
2025-07-29 16:46:27,552 - httpx - INFO - HTTP Request: POST https://api.telegram.org/bot8419472014:AAFSqcCwB8K00LDrBIKKxxZNpeG6wZ_uctU/getUpdates "HTTP/1.1 200 OK"
2025-07-29 16:46:37,811 - httpx - INFO - HTTP Request: POST https://api.telegram.org/bot8419472014:AAFSqcCwB8K00LDrBIKKxxZNpeG6wZ_uctU/getUpdates "HTTP/1.1 200 OK"
2025-07-29 16:46:48,064 - httpx - INFO - HTTP Request: POST https://api.telegram.org/bot8419472014:AAFSqcCwB8K00LDrBIKKxxZNpeG6wZ_uctU/getUpdates "HTTP/1.1 200 OK"
2025-07-29 16:46:50,161 - werkzeug - INFO - 192.168.1.69 - - [29/Jul/2025 16:46:50] "GET /api/stats HTTP/1.1" 200 -
2025-07-29 16:46:58,436 - httpx - INFO - HTTP Request: POST https://api.telegram.org/bot8419472014:AAFSqcCwB8K00LDrBIKKxxZNpeG6wZ_uctU/getUpdates "HTTP/1.1 200 OK"
2025-07-29 16:47:08,690 - httpx - INFO - HTTP Request: POST https://api.telegram.org/bot8419472014:AAFSqcCwB8K00LDrBIKKxxZNpeG6wZ_uctU/getUpdates "HTTP/1.1 200 OK"
2025-07-29 16:47:18,943 - httpx - INFO - HTTP Request: POST https://api.telegram.org/bot8419472014:AAFSqcCwB8K00LDrBIKKxxZNpeG6wZ_uctU/getUpdates "HTTP/1.1 200 OK"
2025-07-29 16:47:29,200 - httpx - INFO - HTTP Request: POST https://api.telegram.org/bot8419472014:AAFSqcCwB8K00LDrBIKKxxZNpeG6wZ_uctU/getUpdates "HTTP/1.1 200 OK"
2025-07-29 16:47:39,455 - httpx - INFO - HTTP Request: POST https://api.telegram.org/bot8419472014:AAFSqcCwB8K00LDrBIKKxxZNpeG6wZ_uctU/getUpdates "HTTP/1.1 200 OK"
2025-07-29 16:47:44,854 - werkzeug - INFO - 192.168.1.69 - - [29/Jul/2025 16:47:44] "GET /api/stats HTTP/1.1" 200 -
2025-07-29 16:47:49,710 - httpx - INFO - HTTP Request: POST https://api.telegram.org/bot8419472014:AAFSqcCwB8K00LDrBIKKxxZNpeG6wZ_uctU/getUpdates "HTTP/1.1 200 OK"
2025-07-29 16:47:50,151 - werkzeug - INFO - 192.168.1.69 - - [29/Jul/2025 16:47:50] "GET /api/stats HTTP/1.1" 200 -
2025-07-29 16:47:59,967 - httpx - INFO - HTTP Request: POST https://api.telegram.org/bot8419472014:AAFSqcCwB8K00LDrBIKKxxZNpeG6wZ_uctU/getUpdates "HTTP/1.1 200 OK"
2025-07-29 16:48:10,218 - httpx - INFO - HTTP Request: POST https://api.telegram.org/bot8419472014:AAFSqcCwB8K00LDrBIKKxxZNpeG6wZ_uctU/getUpdates "HTTP/1.1 200 OK"
2025-07-29 16:48:12,675 - werkzeug - INFO - 192.168.1.69 - - [29/Jul/2025 16:48:12] "GET /add_product HTTP/1.1" 200 -
2025-07-29 16:48:14,807 - src.scraper - INFO - Usando scraper estático para: www.netshoes.com.br
2025-07-29 16:48:14,808 - src.scraper - INFO - Fazendo scraping estático de: https://www.netshoes.com.br/p/tenis-nike-big-low-masculino-JD8-9837-006
2025-07-29 16:48:19,791 - src.scraper - WARNING - Não foi possível extrair preço de: R$ 599,99R$ 512,99no Pixou R$ 539,99 em até 7x
2025-07-29 16:48:19,792 - werkzeug - INFO - 192.168.1.69 - - [29/Jul/2025 16:48:19] "POST /test_scraper HTTP/1.1" 200 -
2025-07-29 16:48:20,473 - httpx - INFO - HTTP Request: POST https://api.telegram.org/bot8419472014:AAFSqcCwB8K00LDrBIKKxxZNpeG6wZ_uctU/getUpdates "HTTP/1.1 200 OK"
2025-07-29 16:48:30,728 - httpx - INFO - HTTP Request: POST https://api.telegram.org/bot8419472014:AAFSqcCwB8K00LDrBIKKxxZNpeG6wZ_uctU/getUpdates "HTTP/1.1 200 OK"
2025-07-29 16:48:41,001 - httpx - INFO - HTTP Request: POST https://api.telegram.org/bot8419472014:AAFSqcCwB8K00LDrBIKKxxZNpeG6wZ_uctU/getUpdates "HTTP/1.1 200 OK"
2025-07-29 16:48:51,255 - httpx - INFO - HTTP Request: POST https://api.telegram.org/bot8419472014:AAFSqcCwB8K00LDrBIKKxxZNpeG6wZ_uctU/getUpdates "HTTP/1.1 200 OK"
2025-07-29 16:49:01,508 - httpx - INFO - HTTP Request: POST https://api.telegram.org/bot8419472014:AAFSqcCwB8K00LDrBIKKxxZNpeG6wZ_uctU/getUpdates "HTTP/1.1 200 OK"
2025-07-29 16:49:04,598 - __main__ - INFO - Sinal de interrupção recebido, finalizando aplicação...
2025-07-29 16:49:04,598 - src.alert_manager - INFO - Parando monitoramento de alertas...
2025-07-29 16:49:04,598 - src.alert_manager - INFO - Monitoramento de alertas parado
2025-07-29 16:49:09,283 - __main__ - INFO - Inicializando banco de dados...
2025-07-29 16:49:09,302 - src.database - INFO - Banco de dados inicializado com sucesso
2025-07-29 16:49:09,303 - __main__ - INFO - Configurando bot do Telegram...
2025-07-29 16:49:09,322 - src.telegram_bot - INFO - Bot do Telegram configurado com sucesso
2025-07-29 16:49:09,322 - src.telegram_bot - INFO - Iniciando bot do Telegram...
2025-07-29 16:49:09,322 - __main__ - INFO - Iniciando gerenciador de alertas...
2025-07-29 16:49:09,322 - src.alert_manager - INFO - Iniciando monitoramento de alertas...
2025-07-29 16:49:09,322 - src.alert_manager - INFO - Monitoramento de alertas iniciado
2025-07-29 16:49:09,337 - src.database - INFO - Banco de dados inicializado com sucesso
2025-07-29 16:49:09,357 - werkzeug - INFO - [31m[1mWARNING: This is a development server. Do not use it in a production deployment. Use a production WSGI server instead.[0m
 * Running on all addresses (0.0.0.0)
 * Running on http://127.0.0.1:5000
 * Running on http://192.168.1.69:5000
2025-07-29 16:49:09,357 - werkzeug - INFO - [33mPress CTRL+C to quit[0m
2025-07-29 16:49:10,377 - httpx - INFO - HTTP Request: POST https://api.telegram.org/bot8419472014:AAFSqcCwB8K00LDrBIKKxxZNpeG6wZ_uctU/getMe "HTTP/1.1 200 OK"
2025-07-29 16:49:10,637 - httpx - INFO - HTTP Request: POST https://api.telegram.org/bot8419472014:AAFSqcCwB8K00LDrBIKKxxZNpeG6wZ_uctU/deleteWebhook "HTTP/1.1 200 OK"
2025-07-29 16:49:10,639 - telegram.ext.Application - INFO - Application started
2025-07-29 16:49:14,270 - src.scraper - INFO - Usando scraper estático para: www.netshoes.com.br
2025-07-29 16:49:14,270 - src.scraper - INFO - Fazendo scraping estático de: https://www.netshoes.com.br/p/tenis-nike-big-low-masculino-JD8-9837-006
2025-07-29 16:49:18,357 - src.scraper - WARNING - Não foi possível extrair preço de: R$ 599,99R$ 512,99no Pixou R$ 539,99 em até 7x
2025-07-29 16:49:18,375 - werkzeug - INFO - 192.168.1.69 - - [29/Jul/2025 16:49:18] "POST /test_scraper HTTP/1.1" 200 -
2025-07-29 16:49:21,631 - httpx - INFO - HTTP Request: POST https://api.telegram.org/bot8419472014:AAFSqcCwB8K00LDrBIKKxxZNpeG6wZ_uctU/getUpdates "HTTP/1.1 200 OK"
2025-07-29 16:49:31,877 - httpx - INFO - HTTP Request: POST https://api.telegram.org/bot8419472014:AAFSqcCwB8K00LDrBIKKxxZNpeG6wZ_uctU/getUpdates "HTTP/1.1 200 OK"
2025-07-29 16:49:42,119 - httpx - INFO - HTTP Request: POST https://api.telegram.org/bot8419472014:AAFSqcCwB8K00LDrBIKKxxZNpeG6wZ_uctU/getUpdates "HTTP/1.1 200 OK"
2025-07-29 16:49:52,368 - httpx - INFO - HTTP Request: POST https://api.telegram.org/bot8419472014:AAFSqcCwB8K00LDrBIKKxxZNpeG6wZ_uctU/getUpdates "HTTP/1.1 200 OK"
2025-07-29 16:49:59,226 - src.scraper - INFO - Usando scraper estático para: www.dafiti.com.br
2025-07-29 16:49:59,226 - src.scraper - INFO - Fazendo scraping estático de: https://www.dafiti.com.br/Tenis-Nike-Court-Legacy-Lift-Feminino-13116862.html
2025-07-29 16:50:02,611 - httpx - INFO - HTTP Request: POST https://api.telegram.org/bot8419472014:AAFSqcCwB8K00LDrBIKKxxZNpeG6wZ_uctU/getUpdates "HTTP/1.1 200 OK"
2025-07-29 16:50:03,942 - src.scraper - WARNING - Não foi possível extrair preço de: R$
2025-07-29 16:50:03,942 - werkzeug - INFO - 192.168.1.69 - - [29/Jul/2025 16:50:03] "POST /test_scraper HTTP/1.1" 200 -
2025-07-29 16:50:12,862 - httpx - INFO - HTTP Request: POST https://api.telegram.org/bot8419472014:AAFSqcCwB8K00LDrBIKKxxZNpeG6wZ_uctU/getUpdates "HTTP/1.1 200 OK"
2025-07-29 16:50:23,109 - httpx - INFO - HTTP Request: POST https://api.telegram.org/bot8419472014:AAFSqcCwB8K00LDrBIKKxxZNpeG6wZ_uctU/getUpdates "HTTP/1.1 200 OK"
2025-07-29 16:50:33,356 - httpx - INFO - HTTP Request: POST https://api.telegram.org/bot8419472014:AAFSqcCwB8K00LDrBIKKxxZNpeG6wZ_uctU/getUpdates "HTTP/1.1 200 OK"
2025-07-29 16:50:43,603 - httpx - INFO - HTTP Request: POST https://api.telegram.org/bot8419472014:AAFSqcCwB8K00LDrBIKKxxZNpeG6wZ_uctU/getUpdates "HTTP/1.1 200 OK"
2025-07-29 16:50:53,848 - httpx - INFO - HTTP Request: POST https://api.telegram.org/bot8419472014:AAFSqcCwB8K00LDrBIKKxxZNpeG6wZ_uctU/getUpdates "HTTP/1.1 200 OK"
2025-07-29 16:51:04,095 - httpx - INFO - HTTP Request: POST https://api.telegram.org/bot8419472014:AAFSqcCwB8K00LDrBIKKxxZNpeG6wZ_uctU/getUpdates "HTTP/1.1 200 OK"
2025-07-29 16:51:14,341 - httpx - INFO - HTTP Request: POST https://api.telegram.org/bot8419472014:AAFSqcCwB8K00LDrBIKKxxZNpeG6wZ_uctU/getUpdates "HTTP/1.1 200 OK"
2025-07-29 16:51:24,588 - httpx - INFO - HTTP Request: POST https://api.telegram.org/bot8419472014:AAFSqcCwB8K00LDrBIKKxxZNpeG6wZ_uctU/getUpdates "HTTP/1.1 200 OK"
2025-07-29 16:51:34,834 - httpx - INFO - HTTP Request: POST https://api.telegram.org/bot8419472014:AAFSqcCwB8K00LDrBIKKxxZNpeG6wZ_uctU/getUpdates "HTTP/1.1 200 OK"
2025-07-29 16:51:45,083 - httpx - INFO - HTTP Request: POST https://api.telegram.org/bot8419472014:AAFSqcCwB8K00LDrBIKKxxZNpeG6wZ_uctU/getUpdates "HTTP/1.1 200 OK"
2025-07-29 16:51:55,334 - httpx - INFO - HTTP Request: POST https://api.telegram.org/bot8419472014:AAFSqcCwB8K00LDrBIKKxxZNpeG6wZ_uctU/getUpdates "HTTP/1.1 200 OK"
2025-07-29 16:52:05,581 - httpx - INFO - HTTP Request: POST https://api.telegram.org/bot8419472014:AAFSqcCwB8K00LDrBIKKxxZNpeG6wZ_uctU/getUpdates "HTTP/1.1 200 OK"
2025-07-29 16:52:15,825 - httpx - INFO - HTTP Request: POST https://api.telegram.org/bot8419472014:AAFSqcCwB8K00LDrBIKKxxZNpeG6wZ_uctU/getUpdates "HTTP/1.1 200 OK"
2025-07-29 16:52:26,070 - httpx - INFO - HTTP Request: POST https://api.telegram.org/bot8419472014:AAFSqcCwB8K00LDrBIKKxxZNpeG6wZ_uctU/getUpdates "HTTP/1.1 200 OK"
2025-07-29 16:52:36,324 - httpx - INFO - HTTP Request: POST https://api.telegram.org/bot8419472014:AAFSqcCwB8K00LDrBIKKxxZNpeG6wZ_uctU/getUpdates "HTTP/1.1 200 OK"
2025-07-29 16:52:46,571 - httpx - INFO - HTTP Request: POST https://api.telegram.org/bot8419472014:AAFSqcCwB8K00LDrBIKKxxZNpeG6wZ_uctU/getUpdates "HTTP/1.1 200 OK"
2025-07-29 16:52:56,819 - httpx - INFO - HTTP Request: POST https://api.telegram.org/bot8419472014:AAFSqcCwB8K00LDrBIKKxxZNpeG6wZ_uctU/getUpdates "HTTP/1.1 200 OK"
2025-07-29 16:53:07,063 - httpx - INFO - HTTP Request: POST https://api.telegram.org/bot8419472014:AAFSqcCwB8K00LDrBIKKxxZNpeG6wZ_uctU/getUpdates "HTTP/1.1 200 OK"
2025-07-29 16:53:17,312 - httpx - INFO - HTTP Request: POST https://api.telegram.org/bot8419472014:AAFSqcCwB8K00LDrBIKKxxZNpeG6wZ_uctU/getUpdates "HTTP/1.1 200 OK"
2025-07-29 16:53:27,559 - httpx - INFO - HTTP Request: POST https://api.telegram.org/bot8419472014:AAFSqcCwB8K00LDrBIKKxxZNpeG6wZ_uctU/getUpdates "HTTP/1.1 200 OK"
2025-07-29 16:53:37,797 - httpx - INFO - HTTP Request: POST https://api.telegram.org/bot8419472014:AAFSqcCwB8K00LDrBIKKxxZNpeG6wZ_uctU/getUpdates "HTTP/1.1 200 OK"
2025-07-29 16:53:48,052 - httpx - INFO - HTTP Request: POST https://api.telegram.org/bot8419472014:AAFSqcCwB8K00LDrBIKKxxZNpeG6wZ_uctU/getUpdates "HTTP/1.1 200 OK"
2025-07-29 16:53:58,293 - httpx - INFO - HTTP Request: POST https://api.telegram.org/bot8419472014:AAFSqcCwB8K00LDrBIKKxxZNpeG6wZ_uctU/getUpdates "HTTP/1.1 200 OK"
2025-07-29 16:54:08,545 - httpx - INFO - HTTP Request: POST https://api.telegram.org/bot8419472014:AAFSqcCwB8K00LDrBIKKxxZNpeG6wZ_uctU/getUpdates "HTTP/1.1 200 OK"
2025-07-29 16:54:18,790 - httpx - INFO - HTTP Request: POST https://api.telegram.org/bot8419472014:AAFSqcCwB8K00LDrBIKKxxZNpeG6wZ_uctU/getUpdates "HTTP/1.1 200 OK"
2025-07-29 16:54:29,039 - httpx - INFO - HTTP Request: POST https://api.telegram.org/bot8419472014:AAFSqcCwB8K00LDrBIKKxxZNpeG6wZ_uctU/getUpdates "HTTP/1.1 200 OK"
2025-07-29 16:54:39,290 - httpx - INFO - HTTP Request: POST https://api.telegram.org/bot8419472014:AAFSqcCwB8K00LDrBIKKxxZNpeG6wZ_uctU/getUpdates "HTTP/1.1 200 OK"
2025-07-29 16:54:49,540 - httpx - INFO - HTTP Request: POST https://api.telegram.org/bot8419472014:AAFSqcCwB8K00LDrBIKKxxZNpeG6wZ_uctU/getUpdates "HTTP/1.1 200 OK"
2025-07-29 16:54:59,787 - httpx - INFO - HTTP Request: POST https://api.telegram.org/bot8419472014:AAFSqcCwB8K00LDrBIKKxxZNpeG6wZ_uctU/getUpdates "HTTP/1.1 200 OK"
2025-07-29 16:55:10,033 - httpx - INFO - HTTP Request: POST https://api.telegram.org/bot8419472014:AAFSqcCwB8K00LDrBIKKxxZNpeG6wZ_uctU/getUpdates "HTTP/1.1 200 OK"
2025-07-29 16:55:20,279 - httpx - INFO - HTTP Request: POST https://api.telegram.org/bot8419472014:AAFSqcCwB8K00LDrBIKKxxZNpeG6wZ_uctU/getUpdates "HTTP/1.1 200 OK"
2025-07-29 16:55:26,137 - src.scraper - INFO - Usando scraper estático para: www.netshoes.com.br
2025-07-29 16:55:26,139 - src.scraper - INFO - Fazendo scraping estático de: https://www.netshoes.com.br/camisas-de-time?mi=hm_sc_ccName__tj_gen_camisas_time&psn=Banner_Tarja&sort=best-sellers
2025-07-29 16:55:30,523 - httpx - INFO - HTTP Request: POST https://api.telegram.org/bot8419472014:AAFSqcCwB8K00LDrBIKKxxZNpeG6wZ_uctU/getUpdates "HTTP/1.1 200 OK"
2025-07-29 16:55:31,106 - src.scraper - WARNING - Não foi possível extrair preço de: Confira
2025-07-29 16:55:31,108 - werkzeug - INFO - 192.168.1.69 - - [29/Jul/2025 16:55:31] "POST /test_scraper HTTP/1.1" 200 -
2025-07-29 16:55:40,769 - httpx - INFO - HTTP Request: POST https://api.telegram.org/bot8419472014:AAFSqcCwB8K00LDrBIKKxxZNpeG6wZ_uctU/getUpdates "HTTP/1.1 200 OK"
2025-07-29 16:55:51,015 - httpx - INFO - HTTP Request: POST https://api.telegram.org/bot8419472014:AAFSqcCwB8K00LDrBIKKxxZNpeG6wZ_uctU/getUpdates "HTTP/1.1 200 OK"
2025-07-29 16:55:51,429 - src.scraper - INFO - Usando scraper estático para: www.netshoes.com.br
2025-07-29 16:55:51,429 - src.scraper - INFO - Fazendo scraping estático de: https://www.netshoes.com.br/p/camisa-real-madrid-home-2425-sn-torcedor-adidas-masculina-FB9-8515-014
2025-07-29 16:55:56,578 - src.scraper - WARNING - Não foi possível extrair preço de: A partir deR$ 218,49no Pixou R$ 229,99 em até 3x
2025-07-29 16:55:56,578 - werkzeug - INFO - 192.168.1.69 - - [29/Jul/2025 16:55:56] "POST /test_scraper HTTP/1.1" 200 -
2025-07-29 16:56:01,260 - httpx - INFO - HTTP Request: POST https://api.telegram.org/bot8419472014:AAFSqcCwB8K00LDrBIKKxxZNpeG6wZ_uctU/getUpdates "HTTP/1.1 200 OK"
2025-07-29 16:56:11,512 - httpx - INFO - HTTP Request: POST https://api.telegram.org/bot8419472014:AAFSqcCwB8K00LDrBIKKxxZNpeG6wZ_uctU/getUpdates "HTTP/1.1 200 OK"
2025-07-29 16:56:21,758 - httpx - INFO - HTTP Request: POST https://api.telegram.org/bot8419472014:AAFSqcCwB8K00LDrBIKKxxZNpeG6wZ_uctU/getUpdates "HTTP/1.1 200 OK"
2025-07-29 16:56:32,007 - httpx - INFO - HTTP Request: POST https://api.telegram.org/bot8419472014:AAFSqcCwB8K00LDrBIKKxxZNpeG6wZ_uctU/getUpdates "HTTP/1.1 200 OK"
2025-07-29 16:56:42,255 - httpx - INFO - HTTP Request: POST https://api.telegram.org/bot8419472014:AAFSqcCwB8K00LDrBIKKxxZNpeG6wZ_uctU/getUpdates "HTTP/1.1 200 OK"
2025-07-29 16:56:52,501 - httpx - INFO - HTTP Request: POST https://api.telegram.org/bot8419472014:AAFSqcCwB8K00LDrBIKKxxZNpeG6wZ_uctU/getUpdates "HTTP/1.1 200 OK"
2025-07-29 16:57:02,749 - httpx - INFO - HTTP Request: POST https://api.telegram.org/bot8419472014:AAFSqcCwB8K00LDrBIKKxxZNpeG6wZ_uctU/getUpdates "HTTP/1.1 200 OK"
2025-07-29 16:57:13,000 - httpx - INFO - HTTP Request: POST https://api.telegram.org/bot8419472014:AAFSqcCwB8K00LDrBIKKxxZNpeG6wZ_uctU/getUpdates "HTTP/1.1 200 OK"
2025-07-29 16:57:23,246 - httpx - INFO - HTTP Request: POST https://api.telegram.org/bot8419472014:AAFSqcCwB8K00LDrBIKKxxZNpeG6wZ_uctU/getUpdates "HTTP/1.1 200 OK"
2025-07-29 16:57:33,500 - httpx - INFO - HTTP Request: POST https://api.telegram.org/bot8419472014:AAFSqcCwB8K00LDrBIKKxxZNpeG6wZ_uctU/getUpdates "HTTP/1.1 200 OK"
2025-07-29 16:57:43,751 - httpx - INFO - HTTP Request: POST https://api.telegram.org/bot8419472014:AAFSqcCwB8K00LDrBIKKxxZNpeG6wZ_uctU/getUpdates "HTTP/1.1 200 OK"
2025-07-29 16:57:53,991 - httpx - INFO - HTTP Request: POST https://api.telegram.org/bot8419472014:AAFSqcCwB8K00LDrBIKKxxZNpeG6wZ_uctU/getUpdates "HTTP/1.1 200 OK"
2025-07-29 16:58:04,261 - httpx - INFO - HTTP Request: POST https://api.telegram.org/bot8419472014:AAFSqcCwB8K00LDrBIKKxxZNpeG6wZ_uctU/getUpdates "HTTP/1.1 200 OK"
2025-07-29 16:58:14,507 - httpx - INFO - HTTP Request: POST https://api.telegram.org/bot8419472014:AAFSqcCwB8K00LDrBIKKxxZNpeG6wZ_uctU/getUpdates "HTTP/1.1 200 OK"
2025-07-29 16:58:24,759 - httpx - INFO - HTTP Request: POST https://api.telegram.org/bot8419472014:AAFSqcCwB8K00LDrBIKKxxZNpeG6wZ_uctU/getUpdates "HTTP/1.1 200 OK"
2025-07-29 16:58:35,012 - httpx - INFO - HTTP Request: POST https://api.telegram.org/bot8419472014:AAFSqcCwB8K00LDrBIKKxxZNpeG6wZ_uctU/getUpdates "HTTP/1.1 200 OK"
2025-07-29 16:58:45,270 - httpx - INFO - HTTP Request: POST https://api.telegram.org/bot8419472014:AAFSqcCwB8K00LDrBIKKxxZNpeG6wZ_uctU/getUpdates "HTTP/1.1 200 OK"
2025-07-29 16:58:55,517 - httpx - INFO - HTTP Request: POST https://api.telegram.org/bot8419472014:AAFSqcCwB8K00LDrBIKKxxZNpeG6wZ_uctU/getUpdates "HTTP/1.1 200 OK"
2025-07-29 16:59:05,763 - httpx - INFO - HTTP Request: POST https://api.telegram.org/bot8419472014:AAFSqcCwB8K00LDrBIKKxxZNpeG6wZ_uctU/getUpdates "HTTP/1.1 200 OK"
2025-07-29 16:59:16,007 - httpx - INFO - HTTP Request: POST https://api.telegram.org/bot8419472014:AAFSqcCwB8K00LDrBIKKxxZNpeG6wZ_uctU/getUpdates "HTTP/1.1 200 OK"
2025-07-29 16:59:26,252 - httpx - INFO - HTTP Request: POST https://api.telegram.org/bot8419472014:AAFSqcCwB8K00LDrBIKKxxZNpeG6wZ_uctU/getUpdates "HTTP/1.1 200 OK"
2025-07-29 16:59:36,498 - httpx - INFO - HTTP Request: POST https://api.telegram.org/bot8419472014:AAFSqcCwB8K00LDrBIKKxxZNpeG6wZ_uctU/getUpdates "HTTP/1.1 200 OK"
2025-07-29 16:59:46,747 - httpx - INFO - HTTP Request: POST https://api.telegram.org/bot8419472014:AAFSqcCwB8K00LDrBIKKxxZNpeG6wZ_uctU/getUpdates "HTTP/1.1 200 OK"
2025-07-29 16:59:56,996 - httpx - INFO - HTTP Request: POST https://api.telegram.org/bot8419472014:AAFSqcCwB8K00LDrBIKKxxZNpeG6wZ_uctU/getUpdates "HTTP/1.1 200 OK"
2025-07-29 17:00:07,237 - httpx - INFO - HTTP Request: POST https://api.telegram.org/bot8419472014:AAFSqcCwB8K00LDrBIKKxxZNpeG6wZ_uctU/getUpdates "HTTP/1.1 200 OK"
2025-07-29 17:00:17,483 - httpx - INFO - HTTP Request: POST https://api.telegram.org/bot8419472014:AAFSqcCwB8K00LDrBIKKxxZNpeG6wZ_uctU/getUpdates "HTTP/1.1 200 OK"
2025-07-29 17:00:27,734 - httpx - INFO - HTTP Request: POST https://api.telegram.org/bot8419472014:AAFSqcCwB8K00LDrBIKKxxZNpeG6wZ_uctU/getUpdates "HTTP/1.1 200 OK"
2025-07-29 17:00:37,984 - httpx - INFO - HTTP Request: POST https://api.telegram.org/bot8419472014:AAFSqcCwB8K00LDrBIKKxxZNpeG6wZ_uctU/getUpdates "HTTP/1.1 200 OK"
2025-07-29 17:00:48,230 - httpx - INFO - HTTP Request: POST https://api.telegram.org/bot8419472014:AAFSqcCwB8K00LDrBIKKxxZNpeG6wZ_uctU/getUpdates "HTTP/1.1 200 OK"
2025-07-29 17:00:58,464 - httpx - INFO - HTTP Request: POST https://api.telegram.org/bot8419472014:AAFSqcCwB8K00LDrBIKKxxZNpeG6wZ_uctU/getUpdates "HTTP/1.1 200 OK"
2025-07-29 17:01:08,726 - httpx - INFO - HTTP Request: POST https://api.telegram.org/bot8419472014:AAFSqcCwB8K00LDrBIKKxxZNpeG6wZ_uctU/getUpdates "HTTP/1.1 200 OK"
2025-07-29 17:01:18,974 - httpx - INFO - HTTP Request: POST https://api.telegram.org/bot8419472014:AAFSqcCwB8K00LDrBIKKxxZNpeG6wZ_uctU/getUpdates "HTTP/1.1 200 OK"
2025-07-29 17:01:29,220 - httpx - INFO - HTTP Request: POST https://api.telegram.org/bot8419472014:AAFSqcCwB8K00LDrBIKKxxZNpeG6wZ_uctU/getUpdates "HTTP/1.1 200 OK"
2025-07-29 17:01:39,466 - httpx - INFO - HTTP Request: POST https://api.telegram.org/bot8419472014:AAFSqcCwB8K00LDrBIKKxxZNpeG6wZ_uctU/getUpdates "HTTP/1.1 200 OK"
2025-07-29 17:01:49,714 - httpx - INFO - HTTP Request: POST https://api.telegram.org/bot8419472014:AAFSqcCwB8K00LDrBIKKxxZNpeG6wZ_uctU/getUpdates "HTTP/1.1 200 OK"
2025-07-29 17:01:59,965 - httpx - INFO - HTTP Request: POST https://api.telegram.org/bot8419472014:AAFSqcCwB8K00LDrBIKKxxZNpeG6wZ_uctU/getUpdates "HTTP/1.1 200 OK"
2025-07-29 17:02:10,216 - httpx - INFO - HTTP Request: POST https://api.telegram.org/bot8419472014:AAFSqcCwB8K00LDrBIKKxxZNpeG6wZ_uctU/getUpdates "HTTP/1.1 200 OK"
2025-07-29 17:02:20,463 - httpx - INFO - HTTP Request: POST https://api.telegram.org/bot8419472014:AAFSqcCwB8K00LDrBIKKxxZNpeG6wZ_uctU/getUpdates "HTTP/1.1 200 OK"
2025-07-29 17:02:30,797 - httpx - INFO - HTTP Request: POST https://api.telegram.org/bot8419472014:AAFSqcCwB8K00LDrBIKKxxZNpeG6wZ_uctU/getUpdates "HTTP/1.1 200 OK"
2025-07-29 17:02:41,045 - httpx - INFO - HTTP Request: POST https://api.telegram.org/bot8419472014:AAFSqcCwB8K00LDrBIKKxxZNpeG6wZ_uctU/getUpdates "HTTP/1.1 200 OK"
2025-07-29 17:02:51,292 - httpx - INFO - HTTP Request: POST https://api.telegram.org/bot8419472014:AAFSqcCwB8K00LDrBIKKxxZNpeG6wZ_uctU/getUpdates "HTTP/1.1 200 OK"
2025-07-29 17:03:01,538 - httpx - INFO - HTTP Request: POST https://api.telegram.org/bot8419472014:AAFSqcCwB8K00LDrBIKKxxZNpeG6wZ_uctU/getUpdates "HTTP/1.1 200 OK"
2025-07-29 17:03:11,866 - httpx - INFO - HTTP Request: POST https://api.telegram.org/bot8419472014:AAFSqcCwB8K00LDrBIKKxxZNpeG6wZ_uctU/getUpdates "HTTP/1.1 200 OK"
2025-07-29 17:03:22,116 - httpx - INFO - HTTP Request: POST https://api.telegram.org/bot8419472014:AAFSqcCwB8K00LDrBIKKxxZNpeG6wZ_uctU/getUpdates "HTTP/1.1 200 OK"
2025-07-29 17:03:32,439 - httpx - INFO - HTTP Request: POST https://api.telegram.org/bot8419472014:AAFSqcCwB8K00LDrBIKKxxZNpeG6wZ_uctU/getUpdates "HTTP/1.1 200 OK"
2025-07-29 17:03:42,778 - httpx - INFO - HTTP Request: POST https://api.telegram.org/bot8419472014:AAFSqcCwB8K00LDrBIKKxxZNpeG6wZ_uctU/getUpdates "HTTP/1.1 200 OK"
2025-07-29 17:03:53,024 - httpx - INFO - HTTP Request: POST https://api.telegram.org/bot8419472014:AAFSqcCwB8K00LDrBIKKxxZNpeG6wZ_uctU/getUpdates "HTTP/1.1 200 OK"
2025-07-29 17:04:03,273 - httpx - INFO - HTTP Request: POST https://api.telegram.org/bot8419472014:AAFSqcCwB8K00LDrBIKKxxZNpeG6wZ_uctU/getUpdates "HTTP/1.1 200 OK"
2025-07-29 17:04:13,529 - httpx - INFO - HTTP Request: POST https://api.telegram.org/bot8419472014:AAFSqcCwB8K00LDrBIKKxxZNpeG6wZ_uctU/getUpdates "HTTP/1.1 200 OK"
2025-07-29 17:04:23,842 - httpx - INFO - HTTP Request: POST https://api.telegram.org/bot8419472014:AAFSqcCwB8K00LDrBIKKxxZNpeG6wZ_uctU/getUpdates "HTTP/1.1 200 OK"
2025-07-29 17:04:34,101 - httpx - INFO - HTTP Request: POST https://api.telegram.org/bot8419472014:AAFSqcCwB8K00LDrBIKKxxZNpeG6wZ_uctU/getUpdates "HTTP/1.1 200 OK"
2025-07-29 17:04:44,351 - httpx - INFO - HTTP Request: POST https://api.telegram.org/bot8419472014:AAFSqcCwB8K00LDrBIKKxxZNpeG6wZ_uctU/getUpdates "HTTP/1.1 200 OK"
2025-07-29 17:04:54,605 - httpx - INFO - HTTP Request: POST https://api.telegram.org/bot8419472014:AAFSqcCwB8K00LDrBIKKxxZNpeG6wZ_uctU/getUpdates "HTTP/1.1 200 OK"
2025-07-29 17:05:04,890 - httpx - INFO - HTTP Request: POST https://api.telegram.org/bot8419472014:AAFSqcCwB8K00LDrBIKKxxZNpeG6wZ_uctU/getUpdates "HTTP/1.1 200 OK"
2025-07-29 17:05:15,139 - httpx - INFO - HTTP Request: POST https://api.telegram.org/bot8419472014:AAFSqcCwB8K00LDrBIKKxxZNpeG6wZ_uctU/getUpdates "HTTP/1.1 200 OK"
2025-07-29 17:05:25,393 - httpx - INFO - HTTP Request: POST https://api.telegram.org/bot8419472014:AAFSqcCwB8K00LDrBIKKxxZNpeG6wZ_uctU/getUpdates "HTTP/1.1 200 OK"
2025-07-29 17:05:35,637 - httpx - INFO - HTTP Request: POST https://api.telegram.org/bot8419472014:AAFSqcCwB8K00LDrBIKKxxZNpeG6wZ_uctU/getUpdates "HTTP/1.1 200 OK"
2025-07-29 17:05:45,876 - httpx - INFO - HTTP Request: POST https://api.telegram.org/bot8419472014:AAFSqcCwB8K00LDrBIKKxxZNpeG6wZ_uctU/getUpdates "HTTP/1.1 200 OK"
2025-07-29 17:05:56,136 - httpx - INFO - HTTP Request: POST https://api.telegram.org/bot8419472014:AAFSqcCwB8K00LDrBIKKxxZNpeG6wZ_uctU/getUpdates "HTTP/1.1 200 OK"
2025-07-29 17:06:06,383 - httpx - INFO - HTTP Request: POST https://api.telegram.org/bot8419472014:AAFSqcCwB8K00LDrBIKKxxZNpeG6wZ_uctU/getUpdates "HTTP/1.1 200 OK"
2025-07-29 17:06:16,635 - httpx - INFO - HTTP Request: POST https://api.telegram.org/bot8419472014:AAFSqcCwB8K00LDrBIKKxxZNpeG6wZ_uctU/getUpdates "HTTP/1.1 200 OK"
2025-07-29 17:06:27,924 - httpx - INFO - HTTP Request: POST https://api.telegram.org/bot8419472014:AAFSqcCwB8K00LDrBIKKxxZNpeG6wZ_uctU/getUpdates "HTTP/1.1 200 OK"
2025-07-29 17:06:38,171 - httpx - INFO - HTTP Request: POST https://api.telegram.org/bot8419472014:AAFSqcCwB8K00LDrBIKKxxZNpeG6wZ_uctU/getUpdates "HTTP/1.1 200 OK"
